This is pdfTeX, Version 3.141592653-2.6-1.40.22 (TeX Live 2021/TeX Live for SUSE Linux) (preloaded format=pdflatex 2023.7.6)  15 JUL 2024 08:18
entering extended mode
 restricted \write18 enabled.
 %&-line parsing enabled.
**iterationen.tex
(./iterationen.tex
LaTeX2e <2020-10-01> patch level 4
L3 programming layer <2021-02-18> (/usr/share/texmf/tex/latex/base/article.cls
Document Class: article 2020/04/10 v1.4m Standard LaTeX document class
(/usr/share/texmf/tex/latex/base/size12.clo
File: size12.clo 2020/04/10 v1.4m Standard LaTeX file (size option)
)
\c@part=\count179
\c@section=\count180
\c@subsection=\count181
\c@subsubsection=\count182
\c@paragraph=\count183
\c@subparagraph=\count184
\c@figure=\count185
\c@table=\count186
\abovecaptionskip=\skip47
\belowcaptionskip=\skip48
\bibindent=\dimen138
)
(/usr/share/texmf/tex/generic/german/ngerman.sty v2.5e 1998-07-08
Package: ngerman 1998/07/08 v2.5e Support for writing german texts (br)
\grmnU@D=\dimen139
ngerman -- \language number for naustrian undefined, default 34 used.
)
(/usr/share/texmf/tex/latex/amsfonts/amssymb.sty
Package: amssymb 2013/01/14 v3.01 AMS font symbols

(/usr/share/texmf/tex/latex/amsfonts/amsfonts.sty
Package: amsfonts 2013/01/14 v3.01 Basic AMSFonts support
\@emptytoks=\toks15
\symAMSa=\mathgroup4
\symAMSb=\mathgroup5
LaTeX Font Info:    Redeclaring math symbol \hbar on input line 98.
LaTeX Font Info:    Overwriting math alphabet `\mathfrak' in version `bold'
(Font)                  U/euf/m/n --> U/euf/b/n on input line 106.
))
(/usr/share/texmf/tex/latex/tools/theorem.sty
Package: theorem 2014/10/28 v2.2c Theorem extension package (FMi)
\theorem@style=\toks16
\theorem@bodyfont=\toks17
\theorempreskipamount=\skip49
\theorempostskipamount=\skip50

(/usr/share/texmf/tex/latex/tools/thp.sty
File: thp.sty 2014/10/28 v2.2c Theorem extension package (FMi)
))
(/usr/share/texmf/tex/latex/fancyhdr/fancyhdr.sty
Package: fancyhdr 2021/01/28 v4.0.1 Extensive control of page headers and foote
rs
\f@nch@headwidth=\skip51
\f@nch@O@elh=\skip52
\f@nch@O@erh=\skip53
\f@nch@O@olh=\skip54
\f@nch@O@orh=\skip55
\f@nch@O@elf=\skip56
\f@nch@O@erf=\skip57
\f@nch@O@olf=\skip58
\f@nch@O@orf=\skip59
)
(/usr/share/texmf/tex/latex/amsmath/amsmath.sty
Package: amsmath 2020/09/23 v2.17i AMS math features
\@mathmargin=\skip60

For additional information on amsmath, use the `?' option.
(/usr/share/texmf/tex/latex/amsmath/amstext.sty
Package: amstext 2000/06/29 v2.01 AMS text

(/usr/share/texmf/tex/latex/amsmath/amsgen.sty
File: amsgen.sty 1999/11/30 v2.0 generic functions
\@emptytoks=\toks18
\ex@=\dimen140
))
(/usr/share/texmf/tex/latex/amsmath/amsbsy.sty
Package: amsbsy 1999/11/29 v1.2d Bold Symbols
\pmbraise@=\dimen141
)
(/usr/share/texmf/tex/latex/amsmath/amsopn.sty
Package: amsopn 2016/03/08 v2.02 operator names
)
\inf@bad=\count187
LaTeX Info: Redefining \frac on input line 234.
\uproot@=\count188
\leftroot@=\count189
LaTeX Info: Redefining \overline on input line 399.
\classnum@=\count190
\DOTSCASE@=\count191
LaTeX Info: Redefining \ldots on input line 496.
LaTeX Info: Redefining \dots on input line 499.
LaTeX Info: Redefining \cdots on input line 620.
\Mathstrutbox@=\box47
\strutbox@=\box48
\big@size=\dimen142
LaTeX Font Info:    Redeclaring font encoding OML on input line 743.
LaTeX Font Info:    Redeclaring font encoding OMS on input line 744.
\macc@depth=\count192
\c@MaxMatrixCols=\count193
\dotsspace@=\muskip16
\c@parentequation=\count194
\dspbrk@lvl=\count195
\tag@help=\toks19
\row@=\count196
\column@=\count197
\maxfields@=\count198
\andhelp@=\toks20
\eqnshift@=\dimen143
\alignsep@=\dimen144
\tagshift@=\dimen145
\tagwidth@=\dimen146
\totwidth@=\dimen147
\lineht@=\dimen148
\@envbody=\toks21
\multlinegap=\skip61
\multlinetaggap=\skip62
\mathdisplay@stack=\toks22
LaTeX Info: Redefining \[ on input line 2923.
LaTeX Info: Redefining \] on input line 2924.
)
(/usr/share/texmf/tex/latex/base/inputenc.sty
Package: inputenc 2020/08/01 v1.3d Input encoding file
\inpenc@prehook=\toks23
\inpenc@posthook=\toks24

(/usr/share/texmf/tex/latex/base/latin1.def
File: latin1.def 2020/08/01 v1.3d Input encoding file
))
(/usr/share/texmf/tex/latex/eepic/epic.sty
Enhancements to Picture Environment. Version 1.2 - Released June 1, 1986
\@@multicnt=\count199
\d@lta=\count266
\@delta=\dimen149
\@@delta=\dimen150
\@gridcnt=\count267
\@joinkind=\count268
\@dotgap=\dimen151
\@ddotgap=\dimen152
\@x@diff=\count269
\@y@diff=\count270
\x@diff=\dimen153
\y@diff=\dimen154
\@dotbox=\box49
\num@segments=\count271
\num@segmentsi=\count272
\@datafile=\read2
) (/usr/share/texmf/tex/latex/eepic/eepic.sty
Extension to Epic and LaTeX. Version 1.1e - Released Dec 21, 1999
\@gphlinewidth=\count273
\@eepictcnt=\count274
\@tempdimc=\dimen155
\maxovaldiam=\dimen156
\@filltype=\box50
) (/usr/share/texmf/tex/latex/graphics/color.sty
Package: color 2020/02/24 v1.2b Standard LaTeX Color (DPC)

(/usr/share/texmf/tex/latex/graphics-cfg/color.cfg
File: color.cfg 2016/01/02 v1.6 sample color configuration
)
Package color Info: Driver file: pdftex.def on input line 147.

(/usr/share/texmf/tex/latex/graphics-def/pdftex.def
File: pdftex.def 2020/10/05 v1.2a Graphics/color driver for pdftex
))
(/usr/share/texmf/tex/latex/graphics/graphicx.sty
Package: graphicx 2020/09/09 v1.2b Enhanced LaTeX Graphics (DPC,SPQR)

(/usr/share/texmf/tex/latex/graphics/keyval.sty
Package: keyval 2014/10/28 v1.15 key=value parser (DPC)
\KV@toks@=\toks25
)
(/usr/share/texmf/tex/latex/graphics/graphics.sty
Package: graphics 2020/08/30 v1.4c Standard LaTeX Graphics (DPC,SPQR)

(/usr/share/texmf/tex/latex/graphics/trig.sty
Package: trig 2016/01/03 v1.10 sin cos tan (DPC)
)
(/usr/share/texmf/tex/latex/graphics-cfg/graphics.cfg
File: graphics.cfg 2016/06/04 v1.11 sample graphics configuration
)
Package graphics Info: Driver file: pdftex.def on input line 105.
)
\Gin@req@height=\dimen157
\Gin@req@width=\dimen158
)
(/usr/share/texmf/tex/latex/pstricks/pstricks.sty
Package: pstricks 2020/06/11 v0.70 LaTeX wrapper for `PSTricks' (RN,HV)

(/usr/share/texmf/tex/generic/iftex/iftex.sty
Package: iftex 2020/03/06 v1.0d TeX engine tests
)
(/usr/share/texmf/tex/latex/xcolor/xcolor.sty
Package: xcolor 2016/05/11 v2.12 LaTeX color extensions (UK)

(/usr/share/texmf/tex/latex/graphics-cfg/color.cfg
File: color.cfg 2016/01/02 v1.6 sample color configuration
)
Package xcolor Info: Driver file: pdftex.def on input line 225.
LaTeX Info: Redefining \color on input line 709.
Package xcolor Info: Model `cmy' substituted by `cmy0' on input line 1348.
Package xcolor Info: Model `hsb' substituted by `rgb' on input line 1352.
Package xcolor Info: Model `RGB' extended on input line 1364.
Package xcolor Info: Model `HTML' substituted by `rgb' on input line 1366.
Package xcolor Info: Model `Hsb' substituted by `hsb' on input line 1367.
Package xcolor Info: Model `tHsb' substituted by `hsb' on input line 1368.
Package xcolor Info: Model `HSB' substituted by `hsb' on input line 1369.
Package xcolor Info: Model `Gray' substituted by `gray' on input line 1370.
Package xcolor Info: Model `wave' substituted by `hsb' on input line 1371.
)
(/usr/share/texmf/tex/generic/xkeyval/pst-xkey.tex
File: pst-xkey.tex 2005/11/25 v1.6 PSTricks specialization of xkeyval (HA)

(/usr/share/texmf/tex/latex/xkeyval/xkeyval.sty
Package: xkeyval 2020/11/20 v2.8 package option processing (HA)

(/usr/share/texmf/tex/generic/xkeyval/xkeyval.tex
(/usr/share/texmf/tex/generic/xkeyval/xkvutils.tex
\XKV@toks=\toks26
\XKV@tempa@toks=\toks27
)
\XKV@depth=\count275
File: xkeyval.tex 2014/12/03 v2.7a key=value parser (HA)
)))
(/usr/share/texmf/tex/generic/pstricks/pstricks.tex
(/usr/share/texmf/tex/generic/pstricks/pst-fp.tex
`pst-fp' v0.06, 2020/11/20 (hv)
\pstFP@xs=\count276
\pstFP@xia=\count277
\pstFP@xib=\count278
\pstFP@xfa=\count279
\pstFP@xfb=\count280
\pstFP@rega=\count281
\pstFP@regb=\count282
\pstFP@regs=\count283
\pstFP@times=\count284
)
(/usr/share/texmf/tex/generic/pgf/utilities/pgfutil-common.tex
\pgfutil@everybye=\toks28
\pgfutil@tempdima=\dimen159
\pgfutil@tempdimb=\dimen160

(/usr/share/texmf/tex/generic/pgf/utilities/pgfutil-common-lists.tex))
(/usr/share/texmf/tex/generic/pgf/utilities/pgfkeys.code.tex
\pgfkeys@pathtoks=\toks29
\pgfkeys@temptoks=\toks30

(/usr/share/texmf/tex/generic/pgf/utilities/pgfkeysfiltered.code.tex
\pgfkeys@tmptoks=\toks31
))
(/usr/share/texmf/tex/generic/pgf/utilities/pgffor.code.tex
Loading pgffor.code.tex
(/usr/share/texmf/tex/generic/pgf/math/pgfmath.code.tex
(/usr/share/texmf/tex/generic/pgf/math/pgfmathcalc.code.tex
(/usr/share/texmf/tex/generic/pgf/math/pgfmathutil.code.tex
\pgf@x=\dimen161
\pgf@xa=\dimen162
\pgf@xb=\dimen163
\pgf@xc=\dimen164
\pgf@y=\dimen165
\pgf@ya=\dimen166
\pgf@yb=\dimen167
\pgf@yc=\dimen168
\c@pgf@counta=\count285
\c@pgf@countb=\count286
\c@pgf@countc=\count287
\c@pgf@countd=\count288
\pgfutil@tempcnta=\count289
\pgfutil@tempcntb=\count290
)
(/usr/share/texmf/tex/generic/pgf/math/pgfmathparser.code.tex
\pgfmath@dimen=\dimen169
\pgfmath@count=\count291
\pgfmath@box=\box51
\pgfmath@toks=\toks32
\pgfmath@stack@operand=\toks33
\pgfmath@stack@operation=\toks34
)
(/usr/share/texmf/tex/generic/pgf/math/pgfmathfunctions.code.tex
(/usr/share/texmf/tex/generic/pgf/math/pgfmathfunctions.basic.code.tex)
(/usr/share/texmf/tex/generic/pgf/math/pgfmathfunctions.trigonometric.code.tex)
(/usr/share/texmf/tex/generic/pgf/math/pgfmathfunctions.random.code.tex)
(/usr/share/texmf/tex/generic/pgf/math/pgfmathfunctions.comparison.code.tex)
(/usr/share/texmf/tex/generic/pgf/math/pgfmathfunctions.base.code.tex)
(/usr/share/texmf/tex/generic/pgf/math/pgfmathfunctions.round.code.tex)
(/usr/share/texmf/tex/generic/pgf/math/pgfmathfunctions.misc.code.tex)
(/usr/share/texmf/tex/generic/pgf/math/pgfmathfunctions.integerarithmetics.code
.tex))) (/usr/share/texmf/tex/generic/pgf/math/pgfmathfloat.code.tex
\c@pgfmathroundto@lastzeros=\count292
))
\pgffor@iter=\dimen170
\pgffor@skip=\dimen171
\pgffor@stack=\toks35
\pgffor@toks=\toks36
)
\psLoopIndex=\count293

`PSTricks' v3.01a  <2021/03/30> (tvz,hv)
\pst@dima=\dimen172
\pst@dimb=\dimen173
\pst@dimc=\dimen174
\pst@dimd=\dimen175
\pst@dimg=\dimen176
\pst@dimh=\dimen177
\pst@dimm=\dimen178
\pst@dimn=\dimen179
\pst@dimo=\dimen180
\pst@dimp=\dimen181
\pst@hbox=\box52
\pst@ibox=\box53
\pst@boxg=\box54
\pst@cnta=\count294
\pst@cntb=\count295
\pst@cntc=\count296
\pst@cntd=\count297
\pst@cntg=\count298
\pst@cnth=\count299
\pst@cntm=\count300
\pst@cntn=\count301
\pst@cnto=\count302
\pst@cntp=\count303
\@zero=\count304
\pst@toks=\toks37
(/usr/share/texmf/tex/generic/pstricks/pstricks.con)
\psunit=\dimen182
\psxunit=\dimen183
\psyunit=\dimen184
\pst@C@@rType=\count305
\pslinewidth=\dimen185
\psk@startLW=\dimen186
\psk@endLW=\dimen187
\pst@customdefs=\toks38
\pslinearc=\dimen188
\pst@symbolStep=\dimen189
\pst@symbolWidth=\dimen190
\pst@symbolLinewidth=\dimen191
\everypsbox=\toks39
\psframesep=\dimen192
\pslabelsep=\dimen193
\sh@wgridXunit=\dimen194
\sh@wgridYunit=\dimen195
\pst@shift=\dimen196
)
File: pstricks.tex 2021/03/30 v3.01a `PSTricks' (tvz,hv)

(/usr/share/texmf/tex/generic/pstricks/pst-fp.tex
`pst-fp' v0.06, 2020/11/20 (hv))
File: pst-fp.tex 2020/11/20 v0.06 `PST-fp' (hv)
)
(/usr/share/texmf/tex/latex/hyperref/hyperref.sty
Package: hyperref 2021-02-27 v7.00k Hypertext links for LaTeX

(/usr/share/texmf/tex/generic/ltxcmds/ltxcmds.sty
Package: ltxcmds 2020-05-10 v1.25 LaTeX kernel commands for general use (HO)
)
(/usr/share/texmf/tex/generic/pdftexcmds/pdftexcmds.sty
Package: pdftexcmds 2020-06-27 v0.33 Utility functions of pdfTeX for LuaTeX (HO
)

(/usr/share/texmf/tex/generic/infwarerr/infwarerr.sty
Package: infwarerr 2019/12/03 v1.5 Providing info/warning/error messages (HO)
)
Package pdftexcmds Info: \pdf@primitive is available.
Package pdftexcmds Info: \pdf@ifprimitive is available.
Package pdftexcmds Info: \pdfdraftmode found.
)
(/usr/share/texmf/tex/generic/kvsetkeys/kvsetkeys.sty
Package: kvsetkeys 2019/12/15 v1.18 Key value parser (HO)
)
(/usr/share/texmf/tex/generic/kvdefinekeys/kvdefinekeys.sty
Package: kvdefinekeys 2019-12-19 v1.6 Define keys (HO)
)
(/usr/share/texmf/tex/generic/pdfescape/pdfescape.sty
Package: pdfescape 2019/12/09 v1.15 Implements pdfTeX's escape features (HO)
)
(/usr/share/texmf/tex/latex/hycolor/hycolor.sty
Package: hycolor 2020-01-27 v1.10 Color options for hyperref/bookmark (HO)
)
(/usr/share/texmf/tex/latex/letltxmacro/letltxmacro.sty
Package: letltxmacro 2019/12/03 v1.6 Let assignment for LaTeX macros (HO)
)
(/usr/share/texmf/tex/latex/auxhook/auxhook.sty
Package: auxhook 2019-12-17 v1.6 Hooks for auxiliary files (HO)
)
(/usr/share/texmf/tex/latex/kvoptions/kvoptions.sty
Package: kvoptions 2020-10-07 v3.14 Key value format for package options (HO)
)
\@linkdim=\dimen197
\Hy@linkcounter=\count306
\Hy@pagecounter=\count307

(/usr/share/texmf/tex/latex/hyperref/pd1enc.def
File: pd1enc.def 2021-02-27 v7.00k Hyperref: PDFDocEncoding definition (HO)
Now handling font encoding PD1 ...
... no UTF-8 mapping file for font encoding PD1
)
(/usr/share/texmf/tex/latex/hyperref/hyperref-langpatches.def
File: hyperref-langpatches.def 2021-02-27 v7.00k Hyperref: patches for babel la
nguages
)
(/usr/share/texmf/tex/generic/intcalc/intcalc.sty
Package: intcalc 2019/12/15 v1.3 Expandable calculations with integers (HO)
)
(/usr/share/texmf/tex/generic/etexcmds/etexcmds.sty
Package: etexcmds 2019/12/15 v1.7 Avoid name clashes with e-TeX commands (HO)
)
\Hy@SavedSpaceFactor=\count308

(/usr/share/texmf/tex/latex/hyperref/puenc.def
File: puenc.def 2021-02-27 v7.00k Hyperref: PDF Unicode definition (HO)
Now handling font encoding PU ...
... no UTF-8 mapping file for font encoding PU
)
Package hyperref Info: Hyper figures OFF on input line 4192.
Package hyperref Info: Link nesting OFF on input line 4197.
Package hyperref Info: Hyper index ON on input line 4200.
Package hyperref Info: Plain pages OFF on input line 4207.
Package hyperref Info: Backreferencing OFF on input line 4212.
Package hyperref Info: Implicit mode ON; LaTeX internals redefined.
Package hyperref Info: Bookmarks ON on input line 4445.
\c@Hy@tempcnt=\count309

(/usr/share/texmf/tex/latex/url/url.sty
\Urlmuskip=\muskip17
Package: url 2013/09/16  ver 3.4  Verb mode for urls, etc.
)
LaTeX Info: Redefining \url on input line 4804.
\XeTeXLinkMargin=\dimen198

(/usr/share/texmf/tex/generic/bitset/bitset.sty
Package: bitset 2019/12/09 v1.3 Handle bit-vector datatype (HO)

(/usr/share/texmf/tex/generic/bigintcalc/bigintcalc.sty
Package: bigintcalc 2019/12/15 v1.5 Expandable calculations on big integers (HO
)
))
\Fld@menulength=\count310
\Field@Width=\dimen199
\Fld@charsize=\dimen256
Package hyperref Info: Hyper figures OFF on input line 6075.
Package hyperref Info: Link nesting OFF on input line 6080.
Package hyperref Info: Hyper index ON on input line 6083.
Package hyperref Info: backreferencing OFF on input line 6090.
Package hyperref Info: Link coloring OFF on input line 6095.
Package hyperref Info: Link coloring with OCG OFF on input line 6100.
Package hyperref Info: PDF/A mode OFF on input line 6105.
LaTeX Info: Redefining \ref on input line 6145.
LaTeX Info: Redefining \pageref on input line 6149.

(/usr/share/texmf/tex/latex/base/atbegshi-ltx.sty
Package: atbegshi-ltx 2020/08/17 v1.0a Emulation of the original atbegshi packa
ge
with kernel methods
)
\Hy@abspage=\count311
\c@Item=\count312
\c@Hfootnote=\count313
)
Package hyperref Info: Driver (autodetected): hpdftex.

(/usr/share/texmf/tex/latex/hyperref/hpdftex.def
File: hpdftex.def 2021-02-27 v7.00k Hyperref driver for pdfTeX

(/usr/share/texmf/tex/latex/base/atveryend-ltx.sty
Package: atveryend-ltx 2020/08/19 v1.0a Emulation of the original atvery packag
e
with kernel methods
)
\Fld@listcount=\count314
\c@bookmark@seq@number=\count315

(/usr/share/texmf/tex/latex/rerunfilecheck/rerunfilecheck.sty
Package: rerunfilecheck 2019/12/05 v1.9 Rerun checks for auxiliary files (HO)

(/usr/share/texmf/tex/generic/uniquecounter/uniquecounter.sty
Package: uniquecounter 2019/12/15 v1.4 Provide unlimited unique counter (HO)
)
Package uniquecounter Info: New unique counter `rerunfilecheck' on input line 2
86.
)
\Hy@SectionHShift=\skip63
)
(./algorithmic.sty
Package: algorithmic 

Document Style `algorithmic' - environment
(/usr/share/texmf/tex/latex/base/ifthen.sty
Package: ifthen 2014/09/29 v1.1c Standard LaTeX ifthen package (DPC)
)
(/usr/share/texmf/tex/latex/tools/calc.sty
Package: calc 2017/05/25 v4.3 Infix arithmetic (KKT,FJ)
\calc@Acount=\count316
\calc@Bcount=\count317
\calc@Adimen=\dimen257
\calc@Bdimen=\dimen258
\calc@Askip=\skip64
\calc@Bskip=\skip65
LaTeX Info: Redefining \setlength on input line 80.
LaTeX Info: Redefining \addtolength on input line 81.
\calc@Ccount=\count318
\calc@Cskip=\skip66
)
\c@ALC@line=\count319
\c@ALC@rem=\count320
\ALC@tlm=\skip67
) (./algorithm.sty
Package: algorithm 

Document Style `algorithm' - floating environment
(/usr/share/texmf/tex/latex/float/float.sty
Package: float 2001/11/08 v1.3d Float enhancements (AL)
\c@float@type=\count321
\float@exts=\toks40
\float@box=\box55
\@float@everytoks=\toks41
\@floatcapt=\box56
)
\@float@every@algorithm=\toks42
\c@algorithm=\count322
)
(/usr/share/texmf/tex/latex/tools/thcb.sty
File: thcb.sty 2014/10/28 v2.2c Theorem extension package (FMi)
)
\c@defn=\count323

(/usr/share/texmf/tex/latex/pgf/frontendlayer/tikz.sty
(/usr/share/texmf/tex/latex/pgf/basiclayer/pgf.sty
(/usr/share/texmf/tex/latex/pgf/utilities/pgfrcs.sty
(/usr/share/texmf/tex/generic/pgf/utilities/pgfutil-common.tex
\pgfutil@everybye=\toks43
\pgfutil@tempdima=\dimen259
\pgfutil@tempdimb=\dimen260

(/usr/share/texmf/tex/generic/pgf/utilities/pgfutil-common-lists.tex))
(/usr/share/texmf/tex/generic/pgf/utilities/pgfutil-latex.def
\pgfutil@abb=\box57
)
(/usr/share/texmf/tex/generic/pgf/utilities/pgfrcs.code.tex
(/usr/share/texmf/tex/generic/pgf/pgf.revision.tex)
Package: pgfrcs 2020/12/27 v3.1.8b (3.1.8b)
))
Package: pgf 2020/12/27 v3.1.8b (3.1.8b)

(/usr/share/texmf/tex/latex/pgf/basiclayer/pgfcore.sty
(/usr/share/texmf/tex/latex/pgf/systemlayer/pgfsys.sty
(/usr/share/texmf/tex/generic/pgf/systemlayer/pgfsys.code.tex
Package: pgfsys 2020/12/27 v3.1.8b (3.1.8b)

(/usr/share/texmf/tex/generic/pgf/utilities/pgfkeys.code.tex)
\pgf@x=\dimen261
\pgf@y=\dimen262
\pgf@xa=\dimen263
\pgf@ya=\dimen264
\pgf@xb=\dimen265
\pgf@yb=\dimen266
\pgf@xc=\dimen267
\pgf@yc=\dimen268
\pgf@xd=\dimen269
\pgf@yd=\dimen270
\w@pgf@writea=\write3
\r@pgf@reada=\read3
\c@pgf@counta=\count324
\c@pgf@countb=\count325
\c@pgf@countc=\count326
\c@pgf@countd=\count327
\t@pgf@toka=\toks44
\t@pgf@tokb=\toks45
\t@pgf@tokc=\toks46
\pgf@sys@id@count=\count328

(/usr/share/texmf/tex/generic/pgf/systemlayer/pgf.cfg
File: pgf.cfg 2020/12/27 v3.1.8b (3.1.8b)
)
Driver file for pgf: pgfsys-pdftex.def

(/usr/share/texmf/tex/generic/pgf/systemlayer/pgfsys-pdftex.def
File: pgfsys-pdftex.def 2020/12/27 v3.1.8b (3.1.8b)

(/usr/share/texmf/tex/generic/pgf/systemlayer/pgfsys-common-pdf.def
File: pgfsys-common-pdf.def 2020/12/27 v3.1.8b (3.1.8b)
)))
(/usr/share/texmf/tex/generic/pgf/systemlayer/pgfsyssoftpath.code.tex
File: pgfsyssoftpath.code.tex 2020/12/27 v3.1.8b (3.1.8b)
\pgfsyssoftpath@smallbuffer@items=\count329
\pgfsyssoftpath@bigbuffer@items=\count330
)
(/usr/share/texmf/tex/generic/pgf/systemlayer/pgfsysprotocol.code.tex
File: pgfsysprotocol.code.tex 2020/12/27 v3.1.8b (3.1.8b)
))
(/usr/share/texmf/tex/generic/pgf/basiclayer/pgfcore.code.tex
Package: pgfcore 2020/12/27 v3.1.8b (3.1.8b)

(/usr/share/texmf/tex/generic/pgf/math/pgfmath.code.tex)
(/usr/share/texmf/tex/generic/pgf/math/pgfint.code.tex)
(/usr/share/texmf/tex/generic/pgf/basiclayer/pgfcorepoints.code.tex
File: pgfcorepoints.code.tex 2020/12/27 v3.1.8b (3.1.8b)
\pgf@picminx=\dimen271
\pgf@picmaxx=\dimen272
\pgf@picminy=\dimen273
\pgf@picmaxy=\dimen274
\pgf@pathminx=\dimen275
\pgf@pathmaxx=\dimen276
\pgf@pathminy=\dimen277
\pgf@pathmaxy=\dimen278
\pgf@xx=\dimen279
\pgf@xy=\dimen280
\pgf@yx=\dimen281
\pgf@yy=\dimen282
\pgf@zx=\dimen283
\pgf@zy=\dimen284
)
(/usr/share/texmf/tex/generic/pgf/basiclayer/pgfcorepathconstruct.code.tex
File: pgfcorepathconstruct.code.tex 2020/12/27 v3.1.8b (3.1.8b)
\pgf@path@lastx=\dimen285
\pgf@path@lasty=\dimen286
)
(/usr/share/texmf/tex/generic/pgf/basiclayer/pgfcorepathusage.code.tex
File: pgfcorepathusage.code.tex 2020/12/27 v3.1.8b (3.1.8b)
\pgf@shorten@end@additional=\dimen287
\pgf@shorten@start@additional=\dimen288
)
(/usr/share/texmf/tex/generic/pgf/basiclayer/pgfcorescopes.code.tex
File: pgfcorescopes.code.tex 2020/12/27 v3.1.8b (3.1.8b)
\pgfpic=\box58
\pgf@hbox=\box59
\pgf@layerbox@main=\box60
\pgf@picture@serial@count=\count331
)
(/usr/share/texmf/tex/generic/pgf/basiclayer/pgfcoregraphicstate.code.tex
File: pgfcoregraphicstate.code.tex 2020/12/27 v3.1.8b (3.1.8b)
\pgflinewidth=\dimen289
)
(/usr/share/texmf/tex/generic/pgf/basiclayer/pgfcoretransformations.code.tex
File: pgfcoretransformations.code.tex 2020/12/27 v3.1.8b (3.1.8b)
\pgf@pt@x=\dimen290
\pgf@pt@y=\dimen291
\pgf@pt@temp=\dimen292
)
(/usr/share/texmf/tex/generic/pgf/basiclayer/pgfcorequick.code.tex
File: pgfcorequick.code.tex 2020/12/27 v3.1.8b (3.1.8b)
)
(/usr/share/texmf/tex/generic/pgf/basiclayer/pgfcoreobjects.code.tex
File: pgfcoreobjects.code.tex 2020/12/27 v3.1.8b (3.1.8b)
)
(/usr/share/texmf/tex/generic/pgf/basiclayer/pgfcorepathprocessing.code.tex
File: pgfcorepathprocessing.code.tex 2020/12/27 v3.1.8b (3.1.8b)
)
(/usr/share/texmf/tex/generic/pgf/basiclayer/pgfcorearrows.code.tex
File: pgfcorearrows.code.tex 2020/12/27 v3.1.8b (3.1.8b)
\pgfarrowsep=\dimen293
)
(/usr/share/texmf/tex/generic/pgf/basiclayer/pgfcoreshade.code.tex
File: pgfcoreshade.code.tex 2020/12/27 v3.1.8b (3.1.8b)
\pgf@max=\dimen294
\pgf@sys@shading@range@num=\count332
\pgf@shadingcount=\count333
)
(/usr/share/texmf/tex/generic/pgf/basiclayer/pgfcoreimage.code.tex
File: pgfcoreimage.code.tex 2020/12/27 v3.1.8b (3.1.8b)

(/usr/share/texmf/tex/generic/pgf/basiclayer/pgfcoreexternal.code.tex
File: pgfcoreexternal.code.tex 2020/12/27 v3.1.8b (3.1.8b)
\pgfexternal@startupbox=\box61
))
(/usr/share/texmf/tex/generic/pgf/basiclayer/pgfcorelayers.code.tex
File: pgfcorelayers.code.tex 2020/12/27 v3.1.8b (3.1.8b)
)
(/usr/share/texmf/tex/generic/pgf/basiclayer/pgfcoretransparency.code.tex
File: pgfcoretransparency.code.tex 2020/12/27 v3.1.8b (3.1.8b)
)
(/usr/share/texmf/tex/generic/pgf/basiclayer/pgfcorepatterns.code.tex
File: pgfcorepatterns.code.tex 2020/12/27 v3.1.8b (3.1.8b)
)
(/usr/share/texmf/tex/generic/pgf/basiclayer/pgfcorerdf.code.tex
File: pgfcorerdf.code.tex 2020/12/27 v3.1.8b (3.1.8b)
)))
(/usr/share/texmf/tex/generic/pgf/modules/pgfmoduleshapes.code.tex
File: pgfmoduleshapes.code.tex 2020/12/27 v3.1.8b (3.1.8b)
\pgfnodeparttextbox=\box62
)
(/usr/share/texmf/tex/generic/pgf/modules/pgfmoduleplot.code.tex
File: pgfmoduleplot.code.tex 2020/12/27 v3.1.8b (3.1.8b)
)
(/usr/share/texmf/tex/latex/pgf/compatibility/pgfcomp-version-0-65.sty
Package: pgfcomp-version-0-65 2020/12/27 v3.1.8b (3.1.8b)
\pgf@nodesepstart=\dimen295
\pgf@nodesepend=\dimen296
)
(/usr/share/texmf/tex/latex/pgf/compatibility/pgfcomp-version-1-18.sty
Package: pgfcomp-version-1-18 2020/12/27 v3.1.8b (3.1.8b)
))
(/usr/share/texmf/tex/latex/pgf/utilities/pgffor.sty
(/usr/share/texmf/tex/latex/pgf/utilities/pgfkeys.sty
(/usr/share/texmf/tex/generic/pgf/utilities/pgfkeys.code.tex))
(/usr/share/texmf/tex/latex/pgf/math/pgfmath.sty
(/usr/share/texmf/tex/generic/pgf/math/pgfmath.code.tex))
(/usr/share/texmf/tex/generic/pgf/utilities/pgffor.code.tex
Package: pgffor 2020/12/27 v3.1.8b (3.1.8b)

(/usr/share/texmf/tex/generic/pgf/math/pgfmath.code.tex)
\pgffor@iter=\dimen297
\pgffor@skip=\dimen298
\pgffor@stack=\toks47
\pgffor@toks=\toks48
))
(/usr/share/texmf/tex/generic/pgf/frontendlayer/tikz/tikz.code.tex
Package: tikz 2020/12/27 v3.1.8b (3.1.8b)

(/usr/share/texmf/tex/generic/pgf/libraries/pgflibraryplothandlers.code.tex
File: pgflibraryplothandlers.code.tex 2020/12/27 v3.1.8b (3.1.8b)
\pgf@plot@mark@count=\count334
\pgfplotmarksize=\dimen299
)
\tikz@lastx=\dimen300
\tikz@lasty=\dimen301
\tikz@lastxsaved=\dimen302
\tikz@lastysaved=\dimen303
\tikz@lastmovetox=\dimen304
\tikz@lastmovetoy=\dimen305
\tikzleveldistance=\dimen306
\tikzsiblingdistance=\dimen307
\tikz@figbox=\box63
\tikz@figbox@bg=\box64
\tikz@tempbox=\box65
\tikz@tempbox@bg=\box66
\tikztreelevel=\count335
\tikznumberofchildren=\count336
\tikznumberofcurrentchild=\count337
\tikz@fig@count=\count338

(/usr/share/texmf/tex/generic/pgf/modules/pgfmodulematrix.code.tex
File: pgfmodulematrix.code.tex 2020/12/27 v3.1.8b (3.1.8b)
\pgfmatrixcurrentrow=\count339
\pgfmatrixcurrentcolumn=\count340
\pgf@matrix@numberofcolumns=\count341
)
\tikz@expandcount=\count342

(/usr/share/texmf/tex/generic/pgf/frontendlayer/tikz/libraries/tikzlibrarytopat
hs.code.tex
File: tikzlibrarytopaths.code.tex 2020/12/27 v3.1.8b (3.1.8b)
)))
(/usr/share/texmf/tex/generic/pgf/frontendlayer/tikz/libraries/tikzlibrarypatte
rns.code.tex
File: tikzlibrarypatterns.code.tex 2020/12/27 v3.1.8b (3.1.8b)

(/usr/share/texmf/tex/generic/pgf/libraries/pgflibrarypatterns.code.tex
File: pgflibrarypatterns.code.tex 2020/12/27 v3.1.8b (3.1.8b)
))
(/usr/share/texmf/tex/generic/pgf/frontendlayer/tikz/libraries/tikzlibrarysnake
s.code.tex
File: tikzlibrarysnakes.code.tex 2020/12/27 v3.1.8b (3.1.8b)


Package pgf Warning: Snakes have been superseded by decorations. Please use the
 decoration libraries instead of the snakes library on input line 14.


(/usr/share/texmf/tex/generic/pgf/frontendlayer/tikz/libraries/tikzlibrarydecor
ations.pathmorphing.code.tex
(/usr/share/texmf/tex/generic/pgf/frontendlayer/tikz/libraries/tikzlibrarydecor
ations.code.tex
(/usr/share/texmf/tex/generic/pgf/modules/pgfmoduledecorations.code.tex
\pgfdecoratedcompleteddistance=\dimen308
\pgfdecoratedremainingdistance=\dimen309
\pgfdecoratedinputsegmentcompleteddistance=\dimen310
\pgfdecoratedinputsegmentremainingdistance=\dimen311
\pgf@decorate@distancetomove=\dimen312
\pgf@decorate@repeatstate=\count343
\pgfdecorationsegmentamplitude=\dimen313
\pgfdecorationsegmentlength=\dimen314
)
\tikz@lib@dec@box=\box67
)
(/usr/share/texmf/tex/generic/pgf/libraries/decorations/pgflibrarydecorations.p
athmorphing.code.tex))
(/usr/share/texmf/tex/generic/pgf/frontendlayer/tikz/libraries/tikzlibrarydecor
ations.pathreplacing.code.tex
(/usr/share/texmf/tex/generic/pgf/libraries/decorations/pgflibrarydecorations.p
athreplacing.code.tex))
(/usr/share/texmf/tex/generic/pgf/frontendlayer/tikz/libraries/tikzlibrarydecor
ations.shapes.code.tex
(/usr/share/texmf/tex/generic/pgf/libraries/decorations/pgflibrarydecorations.s
hapes.code.tex)))
(/usr/share/texmf/tex/generic/pgf/frontendlayer/tikz/libraries/tikzlibrarycalc.
code.tex
File: tikzlibrarycalc.code.tex 2020/12/27 v3.1.8b (3.1.8b)
) (/usr/share/texmf/tex/latex/l3backend/l3backend-pdftex.def
File: l3backend-pdftex.def 2021-03-18 L3 backend support: PDF output (pdfTeX)
\l__color_backend_stack_int=\count344
\l__pdf_internal_box=\box68
)
(./iterationen.aux (./kap01.aux) (./kap02.aux) (./kap03.aux) (./kap04.aux)
(./kap05.aux) (./kap06.aux) (./kap07.aux) (./kap08.aux) (./kap09.aux)
(./kap10.aux) (./kap11.aux) (./kap12.aux) (./kap13.aux) (./kap14.aux

LaTeX Warning: Label `iter_eq' multiply defined.

) (./kap15.aux))
\openout1 = `iterationen.aux'.

LaTeX Font Info:    Checking defaults for OML/cmm/m/it on input line 175.
LaTeX Font Info:    ... okay on input line 175.
LaTeX Font Info:    Checking defaults for OMS/cmsy/m/n on input line 175.
LaTeX Font Info:    ... okay on input line 175.
LaTeX Font Info:    Checking defaults for OT1/cmr/m/n on input line 175.
LaTeX Font Info:    ... okay on input line 175.
LaTeX Font Info:    Checking defaults for T1/cmr/m/n on input line 175.
LaTeX Font Info:    ... okay on input line 175.
LaTeX Font Info:    Checking defaults for TS1/cmr/m/n on input line 175.
LaTeX Font Info:    ... okay on input line 175.
LaTeX Font Info:    Checking defaults for OMX/cmex/m/n on input line 175.
LaTeX Font Info:    ... okay on input line 175.
LaTeX Font Info:    Checking defaults for U/cmr/m/n on input line 175.
LaTeX Font Info:    ... okay on input line 175.
LaTeX Font Info:    Checking defaults for PD1/pdf/m/n on input line 175.
LaTeX Font Info:    ... okay on input line 175.
LaTeX Font Info:    Checking defaults for PU/pdf/m/n on input line 175.
LaTeX Font Info:    ... okay on input line 175.
 (/usr/share/texmf/tex/context/base/mkii/supp-pdf.mkii
[Loading MPS to PDF converter (version 2006.09.02).]
\scratchcounter=\count345
\scratchdimen=\dimen315
\scratchbox=\box69
\nofMPsegments=\count346
\nofMParguments=\count347
\everyMPshowfont=\toks49
\MPscratchCnt=\count348
\MPscratchDim=\dimen316
\MPnumerator=\count349
\makeMPintoPDFobject=\count350
\everyMPtoPDFconversion=\toks50
) (/usr/share/texmf/tex/latex/epstopdf-pkg/epstopdf-base.sty
Package: epstopdf-base 2020-01-24 v2.11 Base part for package epstopdf
Package epstopdf-base Info: Redefining graphics rule for `.eps' on input line 4
85.

(/usr/share/texmf/tex/latex/latexconfig/epstopdf-sys.cfg
File: epstopdf-sys.cfg 2010/07/13 v1.3 Configuration of (r)epstopdf for TeX Liv
e
))
Package hyperref Info: Link coloring OFF on input line 175.

(/usr/share/texmf/tex/latex/hyperref/nameref.sty
Package: nameref 2021-04-02 v2.47 Cross-referencing by name of section

(/usr/share/texmf/tex/latex/refcount/refcount.sty
Package: refcount 2019/12/15 v3.6 Data extraction from label references (HO)
)
(/usr/share/texmf/tex/generic/gettitlestring/gettitlestring.sty
Package: gettitlestring 2019/12/15 v1.6 Cleanup title references (HO)
)
\c@section@level=\count351
)
LaTeX Info: Redefining \ref on input line 175.
LaTeX Info: Redefining \pageref on input line 175.
LaTeX Info: Redefining \nameref on input line 175.

(./iterationen.out) (./iterationen.out)
\@outlinefile=\write4
\openout4 = `iterationen.out'.

Package epstopdf Info: Source file: <lion.eps>
(epstopdf)                    date: 2010-01-12 11:16:48
(epstopdf)                    size: 35333 bytes
(epstopdf)             Output file: <lion-eps-converted-to.pdf>
(epstopdf)                    date: 2015-04-02 16:50:21
(epstopdf)                    size: 12034 bytes
(epstopdf)             Command: <repstopdf --outfile=lion-eps-converted-to.pdf 
lion.eps>
(epstopdf)             \includegraphics on input line 192.
Package epstopdf Info: Output file is already uptodate.
<lion-eps-converted-to.pdf, id=71, 215.80624pt x 228.855pt>
File: lion-eps-converted-to.pdf Graphic file (type pdf)
<use lion-eps-converted-to.pdf>
Package pdftex.def Info: lion-eps-converted-to.pdf  used on input line 192.
(pdftex.def)             Requested size: 215.80571pt x 228.85443pt.
 [1
Non-PDF special ignored!
<special> header=pstricks.pro
Non-PDF special ignored!
<special> header=pst-algparser.pro
Non-PDF special ignored!
<special> header=pst-tools.pro
Non-PDF special ignored!
<special> header=pst-dots.pro

Non-PDF special ignored!
<special> ps: /pssetRGBcolor /setrgbcolor load def /pssetCMYKcolor /setcmyk...
Non-PDF special ignored!
<special> ps:tx@Dict begin  gsave STV CP T /ps@rot 0 def grestore  end
Non-PDF special ignored!
<special> ps:tx@Dict begin  gsave STV CP T /ps@refangle 0.  def grestore  e...
{/var/lib/texmf/fonts/map/pdftex/updmap/pdftex.map} <./lion-eps-converted-to.pd
f>] (./iterationen.toc)
\tf@toc=\write5
\openout5 = `iterationen.toc'.

 [1]
\openout2 = `kap01.aux'.

 (./kap01.tex
LaTeX Font Info:    Trying to load font information for U+msa on input line 5.

(/usr/share/texmf/tex/latex/amsfonts/umsa.fd
File: umsa.fd 2013/01/14 v3.01 AMS symbols A
)
LaTeX Font Info:    Trying to load font information for U+msb on input line 5.

(/usr/share/texmf/tex/latex/amsfonts/umsb.fd
File: umsb.fd 2013/01/14 v3.01 AMS symbols B
) [2


] [3] [4] [5] [6] [7]) [8]
\openout2 = `kap02.aux'.


(./kap02.tex [9



] [10] [11] [12]) [13]
\openout2 = `kap03.aux'.

 (./kap03.tex [14



] [15] [16] [17]
Underfull \hbox (badness 10000) in paragraph at lines 268--269

 []

[18]
Underfull \hbox (badness 10000) in paragraph at lines 278--279

 []


Underfull \hbox (badness 10000) in paragraph at lines 288--289

 []


LaTeX Warning: `!h' float specifier changed to `!ht'.

[19] [20pdfTeX warning (ext4): destination with the same identifier (name{figur
e.1}) has been already used, duplicate ignored
<argument> ...shipout:D \box_use:N \l_shipout_box 
                                                  
l.373 \end{align*}
                  ]) [21]
\openout2 = `kap04.aux'.

 (./kap04.tex [22



pdfTeX warning (ext4): destination with the same identifier (name{figure.2}) ha
s been already used, duplicate ignored
<argument> ...shipout:D \box_use:N \l_shipout_box 
                                                  
l.64 \begin{defn} \label
                        {def:Tschebyscheff-Polynom}] [23] [24

] [25]
Package epstopdf Info: Source file: <eps/tscheb1.eps>
(epstopdf)                    date: 2010-01-12 11:16:50
(epstopdf)                    size: 16783 bytes
(epstopdf)             Output file: <eps/tscheb1-eps-converted-to.pdf>
(epstopdf)                    date: 2015-04-02 16:50:32
(epstopdf)                    size: 9370 bytes
(epstopdf)             Command: <repstopdf --outfile=eps/tscheb1-eps-converted-
to.pdf eps/tscheb1.eps>
(epstopdf)             \includegraphics on input line 272.
Package epstopdf Info: Output file is already uptodate.
<eps/tscheb1-eps-converted-to.pdf, id=295, 516.93124pt x 411.5375pt>
File: eps/tscheb1-eps-converted-to.pdf Graphic file (type pdf)
<use eps/tscheb1-eps-converted-to.pdf>
Package pdftex.def Info: eps/tscheb1-eps-converted-to.pdf  used on input line 2
72.
(pdftex.def)             Requested size: 180.92863pt x 144.04028pt.
Package epstopdf Info: Source file: <eps/tscheb2.eps>
(epstopdf)                    date: 2010-01-12 11:16:50
(epstopdf)                    size: 22025 bytes
(epstopdf)             Output file: <eps/tscheb2-eps-converted-to.pdf>
(epstopdf)                    date: 2015-04-02 16:50:32
(epstopdf)                    size: 18229 bytes
(epstopdf)             Command: <repstopdf --outfile=eps/tscheb2-eps-converted-
to.pdf eps/tscheb2.eps>
(epstopdf)             \includegraphics on input line 272.
Package epstopdf Info: Output file is already uptodate.
<eps/tscheb2-eps-converted-to.pdf, id=296, 518.93875pt x 415.5525pt>
File: eps/tscheb2-eps-converted-to.pdf Graphic file (type pdf)
<use eps/tscheb2-eps-converted-to.pdf>
Package pdftex.def Info: eps/tscheb2-eps-converted-to.pdf  used on input line 2
72.
(pdftex.def)             Requested size: 181.63129pt x 145.44554pt.
Package epstopdf Info: Source file: <eps/tscheb3.eps>
(epstopdf)                    date: 2010-01-12 11:16:50
(epstopdf)                    size: 19979 bytes
(epstopdf)             Output file: <eps/tscheb3-eps-converted-to.pdf>
(epstopdf)                    date: 2015-04-02 16:50:33
(epstopdf)                    size: 8197 bytes
(epstopdf)             Command: <repstopdf --outfile=eps/tscheb3-eps-converted-
to.pdf eps/tscheb3.eps>
(epstopdf)             \includegraphics on input line 273.
Package epstopdf Info: Output file is already uptodate.
<eps/tscheb3-eps-converted-to.pdf, id=297, 514.92375pt x 415.5525pt>
File: eps/tscheb3-eps-converted-to.pdf Graphic file (type pdf)
<use eps/tscheb3-eps-converted-to.pdf>
Package pdftex.def Info: eps/tscheb3-eps-converted-to.pdf  used on input line 2
73.
(pdftex.def)             Requested size: 180.226pt x 145.44554pt.
Package epstopdf Info: Source file: <eps/tscheb4.eps>
(epstopdf)                    date: 2010-01-12 11:16:52
(epstopdf)                    size: 16413 bytes
(epstopdf)             Output file: <eps/tscheb4-eps-converted-to.pdf>
(epstopdf)                    date: 2015-04-02 16:50:33
(epstopdf)                    size: 9009 bytes
(epstopdf)             Command: <repstopdf --outfile=eps/tscheb4-eps-converted-
to.pdf eps/tscheb4.eps>
(epstopdf)             \includegraphics on input line 273.
Package epstopdf Info: Output file is already uptodate.
<eps/tscheb4-eps-converted-to.pdf, id=298, 516.93124pt x 416.55624pt>
File: eps/tscheb4-eps-converted-to.pdf Graphic file (type pdf)
<use eps/tscheb4-eps-converted-to.pdf>
Package pdftex.def Info: eps/tscheb4-eps-converted-to.pdf  used on input line 2
73.
(pdftex.def)             Requested size: 180.92863pt x 145.79686pt.
Package epstopdf Info: Source file: <eps/tscheb5.eps>
(epstopdf)                    date: 2010-01-12 11:16:50
(epstopdf)                    size: 22025 bytes
(epstopdf)             Output file: <eps/tscheb5-eps-converted-to.pdf>
(epstopdf)                    date: 2015-04-02 16:50:33
(epstopdf)                    size: 18226 bytes
(epstopdf)             Command: <repstopdf --outfile=eps/tscheb5-eps-converted-
to.pdf eps/tscheb5.eps>
(epstopdf)             \includegraphics on input line 274.
Package epstopdf Info: Output file is already uptodate.
<eps/tscheb5-eps-converted-to.pdf, id=299, 514.92375pt x 415.5525pt>
File: eps/tscheb5-eps-converted-to.pdf Graphic file (type pdf)
<use eps/tscheb5-eps-converted-to.pdf>
Package pdftex.def Info: eps/tscheb5-eps-converted-to.pdf  used on input line 2
74.
(pdftex.def)             Requested size: 180.226pt x 145.44554pt.
) [26

]
[27pdfTeX warning (ext4): destination with the same identifier (name{figure.3})
 has been already used, duplicate ignored
<argument> ...shipout:D \box_use:N \l_shipout_box 
                                                  
l.215 \include{kap04}
                      <./eps/tscheb1-eps-converted-to.pdf> <./eps/tscheb2-eps-c
onverted-to.pdf> <./eps/tscheb3-eps-converted-to.pdf> <./eps/tscheb4-eps-conver
ted-to.pdf> <./eps/tscheb5-eps-converted-to.pdf>]
\openout2 = `kap05.aux'.

 (./kap05.tex [28



] [29]
[30] [31] [32] [33]) [34]
\openout2 = `kap06.aux'.

 (./kap06.tex [35



] [36] [37] [38] [39]) [40]
\openout2 = `kap07.aux'.


(./kap07.tex [41



] [42

] [43] [44]
LaTeX Font Info:    Trying to load font information for OMS+cmr on input line 2
25.
 (/usr/share/texmf/tex/latex/base/omscmr.fd
File: omscmr.fd 2019/12/16 v2.5j Standard LaTeX font definitions
)
LaTeX Font Info:    Font shape `OMS/cmr/m/n' in size <12> not available
(Font)              Font shape `OMS/cmsy/m/n' tried instead on input line 225.

[45

]
Overfull \hbox (31.76596pt too wide) in paragraph at lines 284--289
\OT1/cmr/m/n/12 Aus $\OML/cmm/m/it/12 r[] \OT1/cmr/m/n/12 = \OML/cmm/m/it/12 p[
]\OT1/cmr/m/n/12 (\OML/cmm/m/it/12 A\OT1/cmr/m/n/12 )\OML/cmm/m/it/12 r[]; p[] 
\OMS/cmsy/m/n/12 2 \OT1/cmr/m/n/12 ^^E[]$ folgt $\OML/cmm/m/it/12 r[] \OT1/cmr/
m/n/12 = \OML/cmm/m/it/12 p[]\OT1/cmr/m/n/12 (\OML/cmm/m/it/12 A\OT1/cmr/m/n/12
 )\OML/cmm/m/it/12 r[]$ \OT1/cmr/m/n/12 mit $\OML/cmm/m/it/12 p[] \OT1/cmr/m/n/
12 = \OML/cmm/m/it/12 p[]p[] [] p[]$\OT1/cmr/m/n/12 .
 []

[46]
Package epstopdf Info: Source file: <eps/speke50n20.eps>
(epstopdf)                    date: 2010-01-12 11:16:52
(epstopdf)                    size: 29024 bytes
(epstopdf)             Output file: <eps/speke50n20-eps-converted-to.pdf>
(epstopdf)                    date: 2015-04-02 16:50:33
(epstopdf)                    size: 10335 bytes
(epstopdf)             Command: <repstopdf --outfile=eps/speke50n20-eps-convert
ed-to.pdf eps/speke50n20.eps>
(epstopdf)             \includegraphics on input line 366.
Package epstopdf Info: Output file is already uptodate.
<eps/speke50n20-eps-converted-to.pdf, id=474, 477.785pt x 377.41pt>
File: eps/speke50n20-eps-converted-to.pdf Graphic file (type pdf)
<use eps/speke50n20-eps-converted-to.pdf>
Package pdftex.def Info: eps/speke50n20-eps-converted-to.pdf  used on input lin
e 366.
(pdftex.def)             Requested size: 167.22725pt x 132.09547pt.
Package epstopdf Info: Source file: <eps/speke1n20.eps>
(epstopdf)                    date: 2010-01-12 11:16:50
(epstopdf)                    size: 21469 bytes
(epstopdf)             Output file: <eps/speke1n20-eps-converted-to.pdf>
(epstopdf)                    date: 2015-04-02 16:50:33
(epstopdf)                    size: 7992 bytes
(epstopdf)             Command: <repstopdf --outfile=eps/speke1n20-eps-converte
d-to.pdf eps/speke1n20.eps>
(epstopdf)             \includegraphics on input line 368.
Package epstopdf Info: Output file is already uptodate.
<eps/speke1n20-eps-converted-to.pdf, id=475, 477.785pt x 377.41pt>
File: eps/speke1n20-eps-converted-to.pdf Graphic file (type pdf)
<use eps/speke1n20-eps-converted-to.pdf>
Package pdftex.def Info: eps/speke1n20-eps-converted-to.pdf  used on input line
 368.
(pdftex.def)             Requested size: 167.22725pt x 132.09547pt.
Package epstopdf Info: Source file: <eps/mp3e50n20k1.eps>
(epstopdf)                    date: 2010-01-12 11:16:50
(epstopdf)                    size: 13581 bytes
(epstopdf)             Output file: <eps/mp3e50n20k1-eps-converted-to.pdf>
(epstopdf)                    date: 2015-04-02 16:50:33
(epstopdf)                    size: 5490 bytes
(epstopdf)             Command: <repstopdf --outfile=eps/mp3e50n20k1-eps-conver
ted-to.pdf eps/mp3e50n20k1.eps>
(epstopdf)             \includegraphics on input line 374.
Package epstopdf Info: Output file is already uptodate.
<eps/mp3e50n20k1-eps-converted-to.pdf, id=476, 482.80376pt x 380.42125pt>
File: eps/mp3e50n20k1-eps-converted-to.pdf Graphic file (type pdf)
<use eps/mp3e50n20k1-eps-converted-to.pdf>
Package pdftex.def Info: eps/mp3e50n20k1-eps-converted-to.pdf  used on input li
ne 374.
(pdftex.def)             Requested size: 168.98384pt x 133.14941pt.
Package epstopdf Info: Source file: <eps/mp3e1n20k1.eps>
(epstopdf)                    date: 2010-01-12 11:16:52
(epstopdf)                    size: 17959 bytes
(epstopdf)             Output file: <eps/mp3e1n20k1-eps-converted-to.pdf>
(epstopdf)                    date: 2015-04-02 16:50:33
(epstopdf)                    size: 9993 bytes
(epstopdf)             Command: <repstopdf --outfile=eps/mp3e1n20k1-eps-convert
ed-to.pdf eps/mp3e1n20k1.eps>
(epstopdf)             \includegraphics on input line 376.
Package epstopdf Info: Output file is already uptodate.
<eps/mp3e1n20k1-eps-converted-to.pdf, id=477, 485.815pt x 380.42125pt>
File: eps/mp3e1n20k1-eps-converted-to.pdf Graphic file (type pdf)
<use eps/mp3e1n20k1-eps-converted-to.pdf>
Package pdftex.def Info: eps/mp3e1n20k1-eps-converted-to.pdf  used on input lin
e 376.
(pdftex.def)             Requested size: 170.0378pt x 133.14941pt.
Package epstopdf Info: Source file: <eps/mp3e50n20k16.eps>
(epstopdf)                    date: 2010-01-12 11:16:52
(epstopdf)                    size: 13829 bytes
(epstopdf)             Output file: <eps/mp3e50n20k16-eps-converted-to.pdf>
(epstopdf)                    date: 2015-04-02 16:50:34
(epstopdf)                    size: 5506 bytes
(epstopdf)             Command: <repstopdf --outfile=eps/mp3e50n20k16-eps-conve
rted-to.pdf eps/mp3e50n20k16.eps>
(epstopdf)             \includegraphics on input line 378.
Package epstopdf Info: Output file is already uptodate.
<eps/mp3e50n20k16-eps-converted-to.pdf, id=478, 485.815pt x 380.42125pt>
File: eps/mp3e50n20k16-eps-converted-to.pdf Graphic file (type pdf)
<use eps/mp3e50n20k16-eps-converted-to.pdf>
Package pdftex.def Info: eps/mp3e50n20k16-eps-converted-to.pdf  used on input l
ine 378.
(pdftex.def)             Requested size: 170.0378pt x 133.14941pt.
Package epstopdf Info: Source file: <eps/mp3e1n20k16.eps>
(epstopdf)                    date: 2010-01-12 11:16:50
(epstopdf)                    size: 13734 bytes
(epstopdf)             Output file: <eps/mp3e1n20k16-eps-converted-to.pdf>
(epstopdf)                    date: 2015-04-02 16:50:34
(epstopdf)                    size: 5659 bytes
(epstopdf)             Command: <repstopdf --outfile=eps/mp3e1n20k16-eps-conver
ted-to.pdf eps/mp3e1n20k16.eps>
(epstopdf)             \includegraphics on input line 380.
Package epstopdf Info: Output file is already uptodate.
<eps/mp3e1n20k16-eps-converted-to.pdf, id=479, 482.80376pt x 380.42125pt>
File: eps/mp3e1n20k16-eps-converted-to.pdf Graphic file (type pdf)
<use eps/mp3e1n20k16-eps-converted-to.pdf>
Package pdftex.def Info: eps/mp3e1n20k16-eps-converted-to.pdf  used on input li
ne 380.
(pdftex.def)             Requested size: 168.98384pt x 133.14941pt.
Package epstopdf Info: Source file: <eps/mp3e50n20k64.eps>
(epstopdf)                    date: 2010-01-12 11:16:52
(epstopdf)                    size: 13309 bytes
(epstopdf)             Output file: <eps/mp3e50n20k64-eps-converted-to.pdf>
(epstopdf)                    date: 2015-04-02 16:50:34
(epstopdf)                    size: 5253 bytes
(epstopdf)             Command: <repstopdf --outfile=eps/mp3e50n20k64-eps-conve
rted-to.pdf eps/mp3e50n20k64.eps>
(epstopdf)             \includegraphics on input line 382.
Package epstopdf Info: Output file is already uptodate.
<eps/mp3e50n20k64-eps-converted-to.pdf, id=480, 482.80376pt x 380.42125pt>
File: eps/mp3e50n20k64-eps-converted-to.pdf Graphic file (type pdf)
<use eps/mp3e50n20k64-eps-converted-to.pdf>
Package pdftex.def Info: eps/mp3e50n20k64-eps-converted-to.pdf  used on input l
ine 382.
(pdftex.def)             Requested size: 168.98384pt x 133.14941pt.
Package epstopdf Info: Source file: <eps/mp3e1n20k64.eps>
(epstopdf)                    date: 2010-01-12 11:16:50
(epstopdf)                    size: 13327 bytes
(epstopdf)             Output file: <eps/mp3e1n20k64-eps-converted-to.pdf>
(epstopdf)                    date: 2015-04-02 16:50:34
(epstopdf)                    size: 5282 bytes
(epstopdf)             Command: <repstopdf --outfile=eps/mp3e1n20k64-eps-conver
ted-to.pdf eps/mp3e1n20k64.eps>
(epstopdf)             \includegraphics on input line 384.
Package epstopdf Info: Output file is already uptodate.
<eps/mp3e1n20k64-eps-converted-to.pdf, id=481, 482.80376pt x 380.42125pt>
File: eps/mp3e1n20k64-eps-converted-to.pdf Graphic file (type pdf)
<use eps/mp3e1n20k64-eps-converted-to.pdf>
Package pdftex.def Info: eps/mp3e1n20k64-eps-converted-to.pdf  used on input li
ne 384.
(pdftex.def)             Requested size: 168.98384pt x 133.14941pt.
 [47
Non-PDF special ignored!
<special> bk
Non-PDF special ignored!
<special> pn 5
Non-PDF special ignored!
<special> ar 0 0 20 20 0 6.2832
Non-PDF special ignored!
<special> bk
Non-PDF special ignored!
<special> pn 5
Non-PDF special ignored!
<special> ar 0 0 20 20 0 6.2832
Non-PDF special ignored!
<special> bk
Non-PDF special ignored!
<special> pn 5
Non-PDF special ignored!
<special> ar 0 0 20 20 0 6.2832
Non-PDF special ignored!
<special> bk
Non-PDF special ignored!
<special> pn 5
Non-PDF special ignored!
<special> ar 0 0 20 20 0 6.2832
Non-PDF special ignored!
<special> bk
Non-PDF special ignored!
<special> pn 5
Non-PDF special ignored!
<special> ar 0 0 20 20 0 6.2832
Non-PDF special ignored!
<special> bk
Non-PDF special ignored!
<special> pn 5
Non-PDF special ignored!
<special> ar 0 0 20 20 0 6.2832
Non-PDF special ignored!
<special> bk
Non-PDF special ignored!
<special> pn 5
Non-PDF special ignored!
<special> ar 0 0 20 20 0 6.2832
Non-PDF special ignored!
<special> bk
Non-PDF special ignored!
<special> pn 5
Non-PDF special ignored!
<special> ar 0 0 20 20 0 6.2832
Non-PDF special ignored!
<special> bk
Non-PDF special ignored!
<special> pn 5
Non-PDF special ignored!
<special> ar 0 0 20 20 0 6.2832
Non-PDF special ignored!
<special> bk
Non-PDF special ignored!
<special> pn 5
Non-PDF special ignored!
<special> ar 0 0 20 20 0 6.2832
Non-PDF special ignored!
<special> bk
Non-PDF special ignored!
<special> pn 5
Non-PDF special ignored!
<special> ar 0 0 20 20 0 6.2832
Non-PDF special ignored!
<special> bk
Non-PDF special ignored!
<special> pn 5
Non-PDF special ignored!
<special> ar 0 0 20 20 0 6.2832
Non-PDF special ignored!
<special> bk
Non-PDF special ignored!
<special> pn 5
Non-PDF special ignored!
<special> ar 0 0 20 20 0 6.2832
Non-PDF special ignored!
<special> bk
Non-PDF special ignored!
<special> pn 5
Non-PDF special ignored!
<special> ar 0 0 20 20 0 6.2832
Non-PDF special ignored!
<special> bk
Non-PDF special ignored!
<special> pn 5
Non-PDF special ignored!
<special> ar 0 0 20 20 0 6.2832
Non-PDF special ignored!
<special> bk
Non-PDF special ignored!
<special> pn 5
Non-PDF special ignored!
<special> ar 0 0 20 20 0 6.2832
Non-PDF special ignored!
<special> bk
Non-PDF special ignored!
<special> pn 5
Non-PDF special ignored!
<special> ar 0 0 20 20 0 6.2832
Non-PDF special ignored!
<special> bk
Non-PDF special ignored!
<special> pn 5
Non-PDF special ignored!
<special> ar 0 0 20 20 0 6.2832
Non-PDF special ignored!
<special> bk
Non-PDF special ignored!
<special> pn 5
Non-PDF special ignored!
<special> ar 0 0 20 20 0 6.2832
Non-PDF special ignored!
<special> bk
Non-PDF special ignored!
<special> pn 5
Non-PDF special ignored!
<special> ar 0 0 20 20 0 6.2832
Non-PDF special ignored!
<special> bk
Non-PDF special ignored!
<special> pn 5
Non-PDF special ignored!
<special> ar 0 0 20 20 0 6.2832
Non-PDF special ignored!
<special> bk
Non-PDF special ignored!
<special> pn 5
Non-PDF special ignored!
<special> ar 0 0 20 20 0 6.2832
Non-PDF special ignored!
<special> bk
Non-PDF special ignored!
<special> pn 5
Non-PDF special ignored!
<special> ar 0 0 20 20 0 6.2832
Non-PDF special ignored!
<special> bk
Non-PDF special ignored!
<special> pn 5
Non-PDF special ignored!
<special> ar 0 0 20 20 0 6.2832
Non-PDF special ignored!
<special> bk
Non-PDF special ignored!
<special> pn 5
Non-PDF special ignored!
<special> ar 0 0 20 20 0 6.2832
Non-PDF special ignored!
<special> bk
Non-PDF special ignored!
<special> pn 5
Non-PDF special ignored!
<special> ar 0 0 20 20 0 6.2832
Non-PDF special ignored!
<special> bk
Non-PDF special ignored!
<special> pn 5
Non-PDF special ignored!
<special> ar 0 0 20 20 0 6.2832
Non-PDF special ignored!
<special> bk
Non-PDF special ignored!
<special> pn 5
Non-PDF special ignored!
<special> ar 0 0 20 20 0 6.2832
Non-PDF special ignored!
<special> bk
Non-PDF special ignored!
<special> pn 5
Non-PDF special ignored!
<special> ar 0 0 20 20 0 6.2832
Non-PDF special ignored!
<special> bk
Non-PDF special ignored!
<special> pn 5
Non-PDF special ignored!
<special> ar 0 0 20 20 0 6.2832
Non-PDF special ignored!
<special> pn 5
Non-PDF special ignored!
<special> pa 425 -788
Non-PDF special ignored!
<special> pa 1213 -788
Non-PDF special ignored!
<special> fp
Non-PDF special ignored!
<special> pn 5
Non-PDF special ignored!
<special> pa 819 -394
Non-PDF special ignored!
<special> pa 819 -1181
Non-PDF special ignored!
<special> fp
pdfTeX warning (ext4): destination with the same identifier (name{figure.4}) ha
s been already used, duplicate ignored
<argument> ...shipout:D \box_use:N \l_shipout_box 
                                                  
l.402 \end{eqnarray*}
                     ] [48pdfTeX warning (ext4): destination with the same iden
tifier (name{figure.5}) has been already used, duplicate ignored
<argument> ...shipout:D \box_use:N \l_shipout_box 
                                                  
l.431 \end{eqnarray*}
                      <./eps/speke50n20-eps-converted-to.pdf> <./eps/speke1n20-
eps-converted-to.pdf>] [49pdfTeX warning (ext4): destination with the same iden
tifier (name{figure.6}) has been already used, duplicate ignored
<argument> ...shipout:D \box_use:N \l_shipout_box 
                                                  
l.431 \end{eqnarray*}
                      <./eps/mp3e50n20k1-eps-converted-to.pdf> <./eps/mp3e1n20k
1-eps-converted-to.pdf> <./eps/mp3e50n20k16-eps-converted-to.pdf> <./eps/mp3e1n
20k16-eps-converted-to.pdf> <./eps/mp3e50n20k64-eps-converted-to.pdf> <./eps/mp
3e1n20k64-eps-converted-to.pdf>] [50] [51] [52

]
Package epstopdf Info: Source file: <eps/mp3qmrN20e50.eps>
(epstopdf)                    date: 2010-01-12 11:16:50
(epstopdf)                    size: 13879 bytes
(epstopdf)             Output file: <eps/mp3qmrN20e50-eps-converted-to.pdf>
(epstopdf)                    date: 2015-04-02 16:50:34
(epstopdf)                    size: 5985 bytes
(epstopdf)             Command: <repstopdf --outfile=eps/mp3qmrN20e50-eps-conve
rted-to.pdf eps/mp3qmrN20e50.eps>
(epstopdf)             \includegraphics on input line 570.
Package epstopdf Info: Output file is already uptodate.
<eps/mp3qmrN20e50-eps-converted-to.pdf, id=570, 494.84875pt x 388.45125pt>
File: eps/mp3qmrN20e50-eps-converted-to.pdf Graphic file (type pdf)
<use eps/mp3qmrN20e50-eps-converted-to.pdf>
Package pdftex.def Info: eps/mp3qmrN20e50-eps-converted-to.pdf  used on input l
ine 570.
(pdftex.def)             Requested size: 173.19966pt x 135.95996pt.
Package epstopdf Info: Source file: <eps/mp3qmrN20e1.eps>
(epstopdf)                    date: 2010-01-12 11:16:52
(epstopdf)                    size: 13902 bytes
(epstopdf)             Output file: <eps/mp3qmrN20e1-eps-converted-to.pdf>
(epstopdf)                    date: 2015-04-02 16:50:34
(epstopdf)                    size: 6016 bytes
(epstopdf)             Command: <repstopdf --outfile=eps/mp3qmrN20e1-eps-conver
ted-to.pdf eps/mp3qmrN20e1.eps>
(epstopdf)             \includegraphics on input line 570.
Package epstopdf Info: Output file is already uptodate.
<eps/mp3qmrN20e1-eps-converted-to.pdf, id=571, 494.84875pt x 388.45125pt>
File: eps/mp3qmrN20e1-eps-converted-to.pdf Graphic file (type pdf)
<use eps/mp3qmrN20e1-eps-converted-to.pdf>
Package pdftex.def Info: eps/mp3qmrN20e1-eps-converted-to.pdf  used on input li
ne 570.
(pdftex.def)             Requested size: 173.19966pt x 135.95996pt.
) [53pdfTeX warning (ext4): destination with the same identifier (name{figure.7
}) has been already used, duplicate ignored
<argument> ...shipout:D \box_use:N \l_shipout_box 
                                                  
l.218 \include{kap07}
                      <./eps/mp3qmrN20e50-eps-converted-to.pdf> <./eps/mp3qmrN2
0e1-eps-converted-to.pdf>]
\openout2 = `kap08.aux'.

 (./kap08.tex [54



] [55] [56] [57] [58] [59] [60]
[61] [62]) [63]
\openout2 = `kap09.aux'.

 (./kap09.tex
Overfull \hbox (5.19601pt too wide) in paragraph at lines 48--49
[]\OT1/cmr/m/n/12 Die Full Or-tho-go-na-li-za-ti-on Me-thod (FOM) ist das Krylo
v-Unteraumverfahren,
 []

[64



] [65] [66] [67] [68] [69] [70] [71] [72]
Overfull \hbox (3.14038pt too wide) in paragraph at lines 475--477
\OT1/cmr/m/n/12 (siehe Lem-ma []9.7[], un-ten), so erh[]alt man die Stan-dard-f
orm des CG-Verfahrens. 
 []

[73] [74] [75]
Overfull \hbox (0.2755pt too wide) in paragraph at lines 561--564
\OT1/cmr/m/n/12 wobei $\OML/cmm/m/it/12 a[]T[]$ \OT1/cmr/m/n/12 das ska-lier-te
 Tsche-bys-cheff-po-ly-nom f[]ur $[\OML/cmm/m/it/12 ^^U[]; ^^U[]\OT1/cmr/m/n/12
 ]$ ist mit $\OMS/cmsy/m/n/12 j\OML/cmm/m/it/12 a[]\OMS/cmsy/m/n/12 j \OT1/cmr/
m/n/12 =
 []

[76]
Underfull \hbox (badness 10000) in paragraph at lines 618--620

 []


Underfull \hbox (badness 10000) in paragraph at lines 624--626

 []

[77]) [78]
\openout2 = `kap10.aux'.

 (./kap10.tex [79



] [80] [81]
Package epstopdf Info: Source file: <eps/mp3bicgN20e50.eps>
(epstopdf)                    date: 2010-01-12 11:16:50
(epstopdf)                    size: 15370 bytes
(epstopdf)             Output file: <eps/mp3bicgN20e50-eps-converted-to.pdf>
(epstopdf)                    date: 2015-04-02 16:50:35
(epstopdf)                    size: 5939 bytes
(epstopdf)             Command: <repstopdf --outfile=eps/mp3bicgN20e50-eps-conv
erted-to.pdf eps/mp3bicgN20e50.eps>
(epstopdf)             \includegraphics on input line 151.
Package epstopdf Info: Output file is already uptodate.
<eps/mp3bicgN20e50-eps-converted-to.pdf, id=849, 494.84875pt x 388.45125pt>
File: eps/mp3bicgN20e50-eps-converted-to.pdf Graphic file (type pdf)
<use eps/mp3bicgN20e50-eps-converted-to.pdf>
Package pdftex.def Info: eps/mp3bicgN20e50-eps-converted-to.pdf  used on input 
line 151.
(pdftex.def)             Requested size: 173.19966pt x 135.95996pt.
Package epstopdf Info: Source file: <eps/mp3bicgN20e1.eps>
(epstopdf)                    date: 2010-01-12 11:16:50
(epstopdf)                    size: 13936 bytes
(epstopdf)             Output file: <eps/mp3bicgN20e1-eps-converted-to.pdf>
(epstopdf)                    date: 2015-04-02 16:50:35
(epstopdf)                    size: 6076 bytes
(epstopdf)             Command: <repstopdf --outfile=eps/mp3bicgN20e1-eps-conve
rted-to.pdf eps/mp3bicgN20e1.eps>
(epstopdf)             \includegraphics on input line 151.
Package epstopdf Info: Output file is already uptodate.
<eps/mp3bicgN20e1-eps-converted-to.pdf, id=850, 494.84875pt x 388.45125pt>
File: eps/mp3bicgN20e1-eps-converted-to.pdf Graphic file (type pdf)
<use eps/mp3bicgN20e1-eps-converted-to.pdf>
Package pdftex.def Info: eps/mp3bicgN20e1-eps-converted-to.pdf  used on input l
ine 151.
(pdftex.def)             Requested size: 173.19966pt x 135.95996pt.
) [82pdfTeX warning (ext4): destination with the same identifier (name{figure.8
}) has been already used, duplicate ignored
<argument> ...shipout:D \box_use:N \l_shipout_box 
                                                  
l.221 \include{kap10}
                      <./eps/mp3bicgN20e50-eps-converted-to.pdf> <./eps/mp3bicg
N20e1-eps-converted-to.pdf>]
\openout2 = `kap11.aux'.

 (./kap11.tex [83



] [84]
Package epstopdf Info: Source file: <eps/mp3cgsN20e50.eps>
(epstopdf)                    date: 2010-01-12 11:16:52
(epstopdf)                    size: 12459 bytes
(epstopdf)             Output file: <eps/mp3cgsN20e50-eps-converted-to.pdf>
(epstopdf)                    date: 2015-04-02 16:50:35
(epstopdf)                    size: 5668 bytes
(epstopdf)             Command: <repstopdf --outfile=eps/mp3cgsN20e50-eps-conve
rted-to.pdf eps/mp3cgsN20e50.eps>
(epstopdf)             \includegraphics on input line 118.
Package epstopdf Info: Output file is already uptodate.
<eps/mp3cgsN20e50-eps-converted-to.pdf, id=896, 494.84875pt x 388.45125pt>
File: eps/mp3cgsN20e50-eps-converted-to.pdf Graphic file (type pdf)
<use eps/mp3cgsN20e50-eps-converted-to.pdf>
Package pdftex.def Info: eps/mp3cgsN20e50-eps-converted-to.pdf  used on input l
ine 118.
(pdftex.def)             Requested size: 173.19966pt x 135.95996pt.
Package epstopdf Info: Source file: <eps/mp3cgsN20e1.eps>
(epstopdf)                    date: 2010-01-12 11:16:50
(epstopdf)                    size: 14006 bytes
(epstopdf)             Output file: <eps/mp3cgsN20e1-eps-converted-to.pdf>
(epstopdf)                    date: 2015-04-02 16:50:35
(epstopdf)                    size: 5843 bytes
(epstopdf)             Command: <repstopdf --outfile=eps/mp3cgsN20e1-eps-conver
ted-to.pdf eps/mp3cgsN20e1.eps>
(epstopdf)             \includegraphics on input line 118.
Package epstopdf Info: Output file is already uptodate.
<eps/mp3cgsN20e1-eps-converted-to.pdf, id=897, 494.84875pt x 388.45125pt>
File: eps/mp3cgsN20e1-eps-converted-to.pdf Graphic file (type pdf)
<use eps/mp3cgsN20e1-eps-converted-to.pdf>
Package pdftex.def Info: eps/mp3cgsN20e1-eps-converted-to.pdf  used on input li
ne 118.
(pdftex.def)             Requested size: 173.19966pt x 135.95996pt.
 [85pdfTeX warning (ext4): destination with the same identifier (name{figure.9}
) has been already used, duplicate ignored
<argument> ...shipout:D \box_use:N \l_shipout_box 
                                                  
l.133 \end{align*}
                   <./eps/mp3cgsN20e50-eps-converted-to.pdf> <./eps/mp3cgsN20e1
-eps-converted-to.pdf>] [86] [87]
Package epstopdf Info: Source file: <eps/bicgstabN20-e50.eps>
(epstopdf)                    date: 2010-01-12 11:16:50
(epstopdf)                    size: 13982 bytes
(epstopdf)             Output file: <eps/bicgstabN20-e50-eps-converted-to.pdf>
(epstopdf)                    date: 2015-04-02 16:50:35
(epstopdf)                    size: 6092 bytes
(epstopdf)             Command: <repstopdf --outfile=eps/bicgstabN20-e50-eps-co
nverted-to.pdf eps/bicgstabN20-e50.eps>
(epstopdf)             \includegraphics on input line 232.
Package epstopdf Info: Output file is already uptodate.
<eps/bicgstabN20-e50-eps-converted-to.pdf, id=936, 494.84875pt x 388.45125pt>
File: eps/bicgstabN20-e50-eps-converted-to.pdf Graphic file (type pdf)
<use eps/bicgstabN20-e50-eps-converted-to.pdf>
Package pdftex.def Info: eps/bicgstabN20-e50-eps-converted-to.pdf  used on inpu
t line 232.
(pdftex.def)             Requested size: 173.19966pt x 135.95996pt.
Package epstopdf Info: Source file: <eps/bicgstabN20-e1.eps>
(epstopdf)                    date: 2010-01-12 11:16:50
(epstopdf)                    size: 13321 bytes
(epstopdf)             Output file: <eps/bicgstabN20-e1-eps-converted-to.pdf>
(epstopdf)                    date: 2015-04-02 16:50:35
(epstopdf)                    size: 6087 bytes
(epstopdf)             Command: <repstopdf --outfile=eps/bicgstabN20-e1-eps-con
verted-to.pdf eps/bicgstabN20-e1.eps>
(epstopdf)             \includegraphics on input line 232.
Package epstopdf Info: Output file is already uptodate.
<eps/bicgstabN20-e1-eps-converted-to.pdf, id=937, 494.84875pt x 388.45125pt>
File: eps/bicgstabN20-e1-eps-converted-to.pdf Graphic file (type pdf)
<use eps/bicgstabN20-e1-eps-converted-to.pdf>
Package pdftex.def Info: eps/bicgstabN20-e1-eps-converted-to.pdf  used on input
 line 232.
(pdftex.def)             Requested size: 173.19966pt x 135.95996pt.
) [88pdfTeX warning (ext4): destination with the same identifier (name{figure.1
0}) has been already used, duplicate ignored
<argument> ...shipout:D \box_use:N \l_shipout_box 
                                                  
l.222 \include{kap11}
                      <./eps/bicgstabN20-e50-eps-converted-to.pdf> <./eps/bicgs
tabN20-e1-eps-converted-to.pdf>]
\openout2 = `kap12.aux'.

 (./kap12.tex [89



] [90]
Overfull \hbox (2.53922pt too wide) in paragraph at lines 151--163
\OML/cmm/m/it/12 d[] \OT1/cmr/m/n/12 = \OML/cmm/m/it/12 d[]$ \OT1/cmr/m/n/12 gi
lt aber $\OML/cmm/m/it/12 A[]v \OT1/cmr/m/n/12 = \OML/cmm/m/it/12 p\OT1/cmr/m/n
/12 (\OML/cmm/m/it/12 A\OT1/cmr/m/n/12 )\OML/cmm/m/it/12 v \OMS/cmsy/m/n/12 2 [
]\OT1/cmr/m/n/12 (\OML/cmm/m/it/12 v; Av; [] ; A[]v\OT1/cmr/m/n/12 )$. Weil $\O
ML/cmm/m/it/12 v; Av; [] ; A[]v$
 []

[91] [92] [93] [94] [95] [96]) [97]
\openout2 = `kap13.aux'.

 (./kap13.tex [98



]
Overfull \hbox (17.92612pt too wide) in paragraph at lines 111--114
\OT1/cmr/m/n/12 Dabei kann man $\OML/cmm/m/it/12 T[]$ \OT1/cmr/m/n/12 f[]ur mo-
de-ra-tes $\OML/cmm/m/it/12 m$ \OT1/cmr/m/n/12 ex-pli-zit durch Be-rech-nung de
r vollst[]andi-
 []

[99]) [100]
\openout2 = `kap14.aux'.

 (./kap14.tex [101



] [102]pdfTeX warning (ext4): destination with the same identifier (name{equati
on.14.2}) has been already used, duplicate ignored
<to be read again> 
                   \relax 
l.103 \begin{eqnarray}
                      pdfTeX warning (ext4): destination with the same identifi
er (name{equation.14.2}) has been already used, duplicate ignored
<to be read again> 
                   \relax 
l.103 \begin{eqnarray}
                      pdfTeX warning (ext4): destination with the same identifi
er (name{equation.14.2}) has been already used, duplicate ignored
<to be read again> 
                   \relax 
l.103 \begin{eqnarray}
                      pdfTeX warning (ext4): destination with the same identifi
er (name{equation.14.2}) has been already used, duplicate ignored
<to be read again> 
                   \relax 
l.103 \begin{eqnarray}
                       [103]
Overfull \hbox (22.21811pt too wide) in paragraph at lines 138--139
[]\OT1/cmr/m/n/12 Leite Al-go-rith-mus []14.3[] al-ter-na-tiv da-durch her, das
s CG mit dem $\OML/cmm/m/it/12 M$\OT1/cmr/m/n/12 -Innenprodukt
 []

[104]pdfTeX warning (ext4): destination with the same identifier (name{equation
.14.6}) has been already used, duplicate ignored
<to be read again> 
                   \relax 
l.166 \begin{equation}
                       \label{Mm_def}pdfTeX warning (ext4): destination with th
e same identifier (name{equation.14.6}) has been already used, duplicate ignore
d
<to be read again> 
                   \relax 
l.166 \begin{equation}
                       \label{Mm_def}pdfTeX warning (ext4): destination with th
e same identifier (name{equation.14.6}) has been already used, duplicate ignore
d
<to be read again> 
                   \relax 
l.166 \begin{equation}
                       \label{Mm_def}pdfTeX warning (ext4): destination with th
e same identifier (name{equation.14.6}) has been already used, duplicate ignore
d
<to be read again> 
                   \relax 
l.166 \begin{equation}
                       \label{Mm_def} [105]
Overfull \hbox (5.0012pt too wide) in paragraph at lines 211--212
[]\OT1/cmr/m/n/12 ``Jacobi-Pr[]akon-di-tio-nie-rer: $\OML/cmm/m/it/12 P \OT1/cm
r/m/n/12 = \OML/cmm/m/it/12 D$\OT1/cmr/m/n/12 , $\OML/cmm/m/it/12 Q \OT1/cmr/m/
n/12 = \OML/cmm/m/it/12 L \OT1/cmr/m/n/12 + \OML/cmm/m/it/12 U$ \OT1/cmr/m/n/12
 in der Standard-Zerlegung
 []

[106] [107] [108] [109]
Overfull \hbox (26.69269pt too wide) in paragraph at lines 438--438
[][][]$[]\OML/cmm/m/it/10 cb < ad[]ad[]cb[][] 
 []

[110] [111] [112]
Overfull \hbox (8.36624pt too wide) in paragraph at lines 553--554
\OT1/cmr/bx/n/12 Beweis:  \OT1/cmr/m/n/12 Es ist $\OML/cmm/m/it/12 K[]\OT1/cmr/
m/n/12 (\OML/cmm/m/it/12 A; b\OT1/cmr/m/n/12 ) \OMS/cmsy/m/n/12 ^^S \OML/cmm/m/
it/12 K[]\OT1/cmr/m/n/12 (\OML/cmm/m/it/12 q\OT1/cmr/m/n/12 (\OML/cmm/m/it/12 A
\OT1/cmr/m/n/12 )\OML/cmm/m/it/12 A; q\OT1/cmr/m/n/12 (\OML/cmm/m/it/12 A\OT1/c
mr/m/n/12 )\OML/cmm/m/it/12 b\OT1/cmr/m/n/12 )$. Die CG-Iterierte $\OML/cmm/m/i
t/12 x[]$
 []

[113]) [114]
\openout2 = `kap15.aux'.

 (./kap15.tex [115



] [116] [117] [118] [119] [120] [121] [122]
[123] [124] [125] [126]) [127] (./iterationen.aux (./kap01.aux) (./kap02.aux)
(./kap03.aux) (./kap04.aux) (./kap05.aux) (./kap06.aux) (./kap07.aux)
(./kap08.aux) (./kap09.aux) (./kap10.aux) (./kap11.aux) (./kap12.aux)
(./kap13.aux) (./kap14.aux) (./kap15.aux))

LaTeX Warning: There were multiply-defined labels.

Package rerunfilecheck Info: File `iterationen.out' has not changed.
(rerunfilecheck)             Checksum: 129AC6C18A8D03FF2A9BBF12CA1F87E2;2731.
 ) 
Here is how much of TeX's memory you used:
 23763 strings out of 478994
 424243 string characters out of 5867239
 741841 words of memory out of 5000000
 40161 multiletter control sequences out of 15000+600000
 416332 words of font info for 76 fonts, out of 8000000 for 9000
 1141 hyphenation exceptions out of 8191
 87i,22n,88p,553b,789s stack positions out of 5000i,500n,10000p,200000b,80000s
{/usr/share/texmf/fonts/enc/dvips/cm-super/cm-super-ts1.enc}</usr/share/texmf
/fonts/type1/public/amsfonts/cm/cmbx10.pfb></usr/share/texmf/fonts/type1/public
/amsfonts/cm/cmbx12.pfb></usr/share/texmf/fonts/type1/public/amsfonts/cm/cmcsc1
0.pfb></usr/share/texmf/fonts/type1/public/amsfonts/cm/cmex10.pfb></usr/share/t
exmf/fonts/type1/public/amsfonts/cmextra/cmex8.pfb></usr/share/texmf/fonts/type
1/public/amsfonts/cm/cmmi10.pfb></usr/share/texmf/fonts/type1/public/amsfonts/c
m/cmmi12.pfb></usr/share/texmf/fonts/type1/public/amsfonts/cm/cmmi6.pfb></usr/s
hare/texmf/fonts/type1/public/amsfonts/cm/cmmi7.pfb></usr/share/texmf/fonts/typ
e1/public/amsfonts/cm/cmmi8.pfb></usr/share/texmf/fonts/type1/public/amsfonts/c
m/cmr10.pfb></usr/share/texmf/fonts/type1/public/amsfonts/cm/cmr12.pfb></usr/sh
are/texmf/fonts/type1/public/amsfonts/cm/cmr17.pfb></usr/share/texmf/fonts/type
1/public/amsfonts/cm/cmr6.pfb></usr/share/texmf/fonts/type1/public/amsfonts/cm/
cmr7.pfb></usr/share/texmf/fonts/type1/public/amsfonts/cm/cmr8.pfb></usr/share/
texmf/fonts/type1/public/amsfonts/cm/cmsl12.pfb></usr/share/texmf/fonts/type1/p
ublic/amsfonts/cm/cmsy10.pfb></usr/share/texmf/fonts/type1/public/amsfonts/cm/c
msy6.pfb></usr/share/texmf/fonts/type1/public/amsfonts/cm/cmsy7.pfb></usr/share
/texmf/fonts/type1/public/amsfonts/cm/cmsy8.pfb></usr/share/texmf/fonts/type1/p
ublic/amsfonts/cm/cmti12.pfb></usr/share/texmf/fonts/type1/public/amsfonts/symb
ols/msam10.pfb></usr/share/texmf/fonts/type1/public/amsfonts/symbols/msbm10.pfb
></usr/share/texmf/fonts/type1/public/cm-super/sfrm1200.pfb>
Output written on iterationen.pdf (128 pages, 775580 bytes).
PDF statistics:
 1485 PDF objects out of 1728 (max. 8388607)
 1259 compressed objects within 13 object streams
 484 named destinations out of 1000 (max. 500000)
 251 words of extra memory for PDF output out of 10000 (max. 10000000)

